This file contains any messages produced by compilers while
running configure, to aid debugging if configure makes a mistake.

It was created by configure, which was
generated by GNU Autoconf 2.59.  Invocation command line was

  $ ./configure --disable-shared

## --------- ##
## Platform. ##
## --------- ##

hostname = organdon-b44b6a
uname -m = i686
uname -r = 1.5.24(0.156/4/2)
uname -s = CYGWIN_NT-5.1
uname -v = 2007-01-31 10:57

/usr/bin/uname -p = unknown
/bin/uname -X     = unknown

/bin/arch              = unknown
/usr/bin/arch -k       = unknown
/usr/convex/getsysinfo = unknown
hostinfo               = unknown
/bin/machine           = unknown
/usr/bin/oslevel       = unknown
/bin/universe          = unknown

PATH: /usr/local/bin
PATH: /usr/bin
PATH: /bin
PATH: /usr/X11R6/bin
PATH: /usr/local/bin
PATH: /usr/bin
PATH: /bin
PATH: /usr/X11R6/bin
PATH: /cygdrive/c/WINDOWS/system32
PATH: /cygdrive/c/WINDOWS
PATH: /cygdrive/c/WINDOWS/System32/Wbem
PATH: /cygdrive/c/Program Files/Microsoft SQL Server/80/Tools/Binn/


## ----------- ##
## Core tests. ##
## ----------- ##

configure:1536: checking build system type
configure:1554: result: i686-pc-cygwin
configure:1562: checking host system type
configure:1576: result: i686-pc-cygwin
configure:1584: checking target system type
configure:1598: result: i686-pc-cygwin
configure:1626: checking for a BSD-compatible install
configure:1681: result: /usr/bin/install -c
configure:1692: checking whether build environment is sane
configure:1735: result: yes
configure:1768: checking for gawk
configure:1784: found /usr/bin/gawk
configure:1794: result: gawk
configure:1804: checking whether make sets $(MAKE)
configure:1824: result: yes
configure:2055: checking for gcc
configure:2071: found /usr/bin/gcc
configure:2081: result: gcc
configure:2325: checking for C compiler version
configure:2328: gcc --version </dev/null >&5
gcc (GCC) 3.4.4 (cygming special, gdc 0.12, using dmd 0.125)
Copyright (C) 2004 Free Software Foundation, Inc.
This is free software; see the source for copying conditions.  There is NO
warranty; not even for MERCHANTABILITY or FITNESS FOR A PARTICULAR PURPOSE.

configure:2331: $? = 0
configure:2333: gcc -v </dev/null >&5
Reading specs from /usr/lib/gcc/i686-pc-cygwin/3.4.4/specs
Configured with: /usr/build/package/orig/test.respin/gcc-3.4.4-3/configure --verbose --prefix=/usr --exec-prefix=/usr --sysconfdir=/etc --libdir=/usr/lib --libexecdir=/usr/lib --mandir=/usr/share/man --infodir=/usr/share/info --enable-languages=c,ada,c++,d,f77,pascal,java,objc --enable-nls --without-included-gettext --enable-version-specific-runtime-libs --without-x --enable-libgcj --disable-java-awt --with-system-zlib --enable-interpreter --disable-libgcj-debug --enable-threads=posix --enable-java-gc=boehm --disable-win32-registry --enable-sjlj-exceptions --enable-hash-synchronization --enable-libstdcxx-debug
Thread model: posix
gcc version 3.4.4 (cygming special, gdc 0.12, using dmd 0.125)
configure:2336: $? = 0
configure:2338: gcc -V </dev/null >&5
gcc: `-V' option must have argument
configure:2341: $? = 1
configure:2364: checking for C compiler default output file name
configure:2367: gcc -mno-cygwin   conftest.c  >&5
configure:2370: $? = 0
configure:2416: result: a.exe
configure:2421: checking whether the C compiler works
configure:2427: ./a.exe
configure:2430: $? = 0
configure:2447: result: yes
configure:2454: checking whether we are cross compiling
configure:2456: result: no
configure:2459: checking for suffix of executables
configure:2461: gcc -o conftest.exe -mno-cygwin   conftest.c  >&5
configure:2464: $? = 0
configure:2489: result: .exe
configure:2495: checking for suffix of object files
configure:2516: gcc -c -mno-cygwin  conftest.c >&5
configure:2519: $? = 0
configure:2541: result: o
configure:2545: checking whether we are using the GNU C compiler
configure:2569: gcc -c -mno-cygwin  conftest.c >&5
configure:2575: $? = 0
configure:2578: test -z 			 || test ! -s conftest.err
configure:2581: $? = 0
configure:2584: test -s conftest.o
configure:2587: $? = 0
configure:2600: result: yes
configure:2606: checking whether gcc accepts -g
configure:2627: gcc -c -g  conftest.c >&5
configure:2633: $? = 0
configure:2636: test -z 			 || test ! -s conftest.err
configure:2639: $? = 0
configure:2642: test -s conftest.o
configure:2645: $? = 0
configure:2656: result: yes
configure:2673: checking for gcc option to accept ANSI C
configure:2743: gcc  -c -mno-cygwin  conftest.c >&5
configure:2749: $? = 0
configure:2752: test -z 			 || test ! -s conftest.err
configure:2755: $? = 0
configure:2758: test -s conftest.o
configure:2761: $? = 0
configure:2779: result: none needed
configure:2797: gcc -c -mno-cygwin  conftest.c >&5
conftest.c:2: error: parse error before "me"
configure:2803: $? = 1
configure: failed program was:
| #ifndef __cplusplus
|   choke me
| #endif
configure:2944: checking for style of include used by make
configure:2972: result: GNU
configure:3000: checking dependency style of gcc
configure:3083: result: gcc3
configure:3113: checking for a BSD-compatible install
configure:3168: result: /usr/bin/install -c
configure:3180: checking whether make sets $(MAKE)
configure:3200: result: yes
configure:3209: checking whether ln -s works
configure:3213: result: yes
configure:3292: checking for a sed that does not truncate output
configure:3346: result: /usr/bin/sed
configure:3349: checking for egrep
configure:3359: result: grep -E
configure:3375: checking for ld used by gcc
configure:3442: result: /usr/i686-pc-cygwin/bin/ld.exe
configure:3451: checking if the linker (/usr/i686-pc-cygwin/bin/ld.exe) is GNU ld
configure:3466: result: yes
configure:3471: checking for /usr/i686-pc-cygwin/bin/ld.exe option to reload object files
configure:3478: result: -r
configure:3487: checking for BSD-compatible nm
configure:3529: result: /usr/bin/nm -B
configure:3533: checking how to recognise dependent libraries
configure:3707: result: file_magic ^x86 archive import|^x86 DLL
configure:3920: checking how to run the C preprocessor
configure:3955: gcc -E  conftest.c
configure:3961: $? = 0
configure:3993: gcc -E  conftest.c
conftest.c:11:28: ac_nonexistent.h: No such file or directory
configure:3999: $? = 1
configure: failed program was:
| /* confdefs.h.  */
| 
| #define PACKAGE_NAME ""
| #define PACKAGE_TARNAME ""
| #define PACKAGE_VERSION ""
| #define PACKAGE_STRING ""
| #define PACKAGE_BUGREPORT ""
| #define PACKAGE "libsamplerate"
| #define VERSION "0.1.2"
| /* end confdefs.h.  */
| #include <ac_nonexistent.h>
configure:4038: result: gcc -E
configure:4062: gcc -E  conftest.c
configure:4068: $? = 0
configure:4100: gcc -E  conftest.c
conftest.c:11:28: ac_nonexistent.h: No such file or directory
configure:4106: $? = 1
configure: failed program was:
| /* confdefs.h.  */
| 
| #define PACKAGE_NAME ""
| #define PACKAGE_TARNAME ""
| #define PACKAGE_VERSION ""
| #define PACKAGE_STRING ""
| #define PACKAGE_BUGREPORT ""
| #define PACKAGE "libsamplerate"
| #define VERSION "0.1.2"
| /* end confdefs.h.  */
| #include <ac_nonexistent.h>
configure:4150: checking for ANSI C header files
configure:4175: gcc -c -mno-cygwin  conftest.c >&5
configure:4181: $? = 0
configure:4184: test -z 			 || test ! -s conftest.err
configure:4187: $? = 0
configure:4190: test -s conftest.o
configure:4193: $? = 0
configure:4282: gcc -o conftest.exe -mno-cygwin   conftest.c  >&5
configure:4285: $? = 0
configure:4287: ./conftest.exe
configure:4290: $? = 0
configure:4305: result: yes
configure:4329: checking for sys/types.h
configure:4345: gcc -c -mno-cygwin  conftest.c >&5
configure:4351: $? = 0
configure:4354: test -z 			 || test ! -s conftest.err
configure:4357: $? = 0
configure:4360: test -s conftest.o
configure:4363: $? = 0
configure:4374: result: yes
configure:4329: checking for sys/stat.h
configure:4345: gcc -c -mno-cygwin  conftest.c >&5
configure:4351: $? = 0
configure:4354: test -z 			 || test ! -s conftest.err
configure:4357: $? = 0
configure:4360: test -s conftest.o
configure:4363: $? = 0
configure:4374: result: yes
configure:4329: checking for stdlib.h
configure:4345: gcc -c -mno-cygwin  conftest.c >&5
configure:4351: $? = 0
configure:4354: test -z 			 || test ! -s conftest.err
configure:4357: $? = 0
configure:4360: test -s conftest.o
configure:4363: $? = 0
configure:4374: result: yes
configure:4329: checking for string.h
configure:4345: gcc -c -mno-cygwin  conftest.c >&5
configure:4351: $? = 0
configure:4354: test -z 			 || test ! -s conftest.err
configure:4357: $? = 0
configure:4360: test -s conftest.o
configure:4363: $? = 0
configure:4374: result: yes
configure:4329: checking for memory.h
configure:4345: gcc -c -mno-cygwin  conftest.c >&5
configure:4351: $? = 0
configure:4354: test -z 			 || test ! -s conftest.err
configure:4357: $? = 0
configure:4360: test -s conftest.o
configure:4363: $? = 0
configure:4374: result: yes
configure:4329: checking for strings.h
configure:4345: gcc -c -mno-cygwin  conftest.c >&5
configure:4351: $? = 0
configure:4354: test -z 			 || test ! -s conftest.err
configure:4357: $? = 0
configure:4360: test -s conftest.o
configure:4363: $? = 0
configure:4374: result: yes
configure:4329: checking for inttypes.h
configure:4345: gcc -c -mno-cygwin  conftest.c >&5
configure:4351: $? = 0
configure:4354: test -z 			 || test ! -s conftest.err
configure:4357: $? = 0
configure:4360: test -s conftest.o
configure:4363: $? = 0
configure:4374: result: yes
configure:4329: checking for stdint.h
configure:4345: gcc -c -mno-cygwin  conftest.c >&5
configure:4351: $? = 0
configure:4354: test -z 			 || test ! -s conftest.err
configure:4357: $? = 0
configure:4360: test -s conftest.o
configure:4363: $? = 0
configure:4374: result: yes
configure:4329: checking for unistd.h
configure:4345: gcc -c -mno-cygwin  conftest.c >&5
configure:4351: $? = 0
configure:4354: test -z 			 || test ! -s conftest.err
configure:4357: $? = 0
configure:4360: test -s conftest.o
configure:4363: $? = 0
configure:4374: result: yes
configure:4400: checking dlfcn.h usability
configure:4412: gcc -c -mno-cygwin  conftest.c >&5
conftest.c:55:19: dlfcn.h: No such file or directory
configure:4418: $? = 1
configure: failed program was:
| /* confdefs.h.  */
| 
| #define PACKAGE_NAME ""
| #define PACKAGE_TARNAME ""
| #define PACKAGE_VERSION ""
| #define PACKAGE_STRING ""
| #define PACKAGE_BUGREPORT ""
| #define PACKAGE "libsamplerate"
| #define VERSION "0.1.2"
| #define STDC_HEADERS 1
| #define HAVE_SYS_TYPES_H 1
| #define HAVE_SYS_STAT_H 1
| #define HAVE_STDLIB_H 1
| #define HAVE_STRING_H 1
| #define HAVE_MEMORY_H 1
| #define HAVE_STRINGS_H 1
| #define HAVE_INTTYPES_H 1
| #define HAVE_STDINT_H 1
| #define HAVE_UNISTD_H 1
| /* end confdefs.h.  */
| #include <stdio.h>
| #if HAVE_SYS_TYPES_H
| # include <sys/types.h>
| #endif
| #if HAVE_SYS_STAT_H
| # include <sys/stat.h>
| #endif
| #if STDC_HEADERS
| # include <stdlib.h>
| # include <stddef.h>
| #else
| # if HAVE_STDLIB_H
| #  include <stdlib.h>
| # endif
| #endif
| #if HAVE_STRING_H
| # if !STDC_HEADERS && HAVE_MEMORY_H
| #  include <memory.h>
| # endif
| # include <string.h>
| #endif
| #if HAVE_STRINGS_H
| # include <strings.h>
| #endif
| #if HAVE_INTTYPES_H
| # include <inttypes.h>
| #else
| # if HAVE_STDINT_H
| #  include <stdint.h>
| # endif
| #endif
| #if HAVE_UNISTD_H
| # include <unistd.h>
| #endif
| #include <dlfcn.h>
configure:4440: result: no
configure:4444: checking dlfcn.h presence
configure:4454: gcc -E  conftest.c
configure:4460: $? = 0
configure:4480: result: yes
configure:4493: WARNING: dlfcn.h: present but cannot be compiled
configure:4495: WARNING: dlfcn.h:     check for missing prerequisite headers?
configure:4497: WARNING: dlfcn.h: see the Autoconf documentation
configure:4499: WARNING: dlfcn.h:     section "Present But Cannot Be Compiled"
configure:4501: WARNING: dlfcn.h: proceeding with the preprocessor's result
configure:4503: WARNING: dlfcn.h: in the future, the compiler will take precedence
configure:4515: checking for dlfcn.h
configure:4522: result: yes
configure:4587: checking for g++
configure:4603: found /usr/bin/g++
configure:4613: result: g++
configure:4629: checking for C++ compiler version
configure:4632: g++ --version </dev/null >&5
g++ (GCC) 3.4.4 (cygming special, gdc 0.12, using dmd 0.125)
Copyright (C) 2004 Free Software Foundation, Inc.
This is free software; see the source for copying conditions.  There is NO
warranty; not even for MERCHANTABILITY or FITNESS FOR A PARTICULAR PURPOSE.

configure:4635: $? = 0
configure:4637: g++ -v </dev/null >&5
Reading specs from /usr/lib/gcc/i686-pc-cygwin/3.4.4/specs
Configured with: /usr/build/package/orig/test.respin/gcc-3.4.4-3/configure --verbose --prefix=/usr --exec-prefix=/usr --sysconfdir=/etc --libdir=/usr/lib --libexecdir=/usr/lib --mandir=/usr/share/man --infodir=/usr/share/info --enable-languages=c,ada,c++,d,f77,pascal,java,objc --enable-nls --without-included-gettext --enable-version-specific-runtime-libs --without-x --enable-libgcj --disable-java-awt --with-system-zlib --enable-interpreter --disable-libgcj-debug --enable-threads=posix --enable-java-gc=boehm --disable-win32-registry --enable-sjlj-exceptions --enable-hash-synchronization --enable-libstdcxx-debug
Thread model: posix
gcc version 3.4.4 (cygming special, gdc 0.12, using dmd 0.125)
configure:4640: $? = 0
configure:4642: g++ -V </dev/null >&5
g++: `-V' option must have argument
configure:4645: $? = 1
configure:4648: checking whether we are using the GNU C++ compiler
configure:4672: g++ -c   conftest.cc >&5
configure:4678: $? = 0
configure:4681: test -z 			 || test ! -s conftest.err
configure:4684: $? = 0
configure:4687: test -s conftest.o
configure:4690: $? = 0
configure:4703: result: yes
configure:4709: checking whether g++ accepts -g
configure:4730: g++ -c -g  conftest.cc >&5
configure:4736: $? = 0
configure:4739: test -z 			 || test ! -s conftest.err
configure:4742: $? = 0
configure:4745: test -s conftest.o
configure:4748: $? = 0
configure:4759: result: yes
configure:4801: g++ -c -g -O2  conftest.cc >&5
configure:4807: $? = 0
configure:4810: test -z 			 || test ! -s conftest.err
configure:4813: $? = 0
configure:4816: test -s conftest.o
configure:4819: $? = 0
configure:4845: g++ -c -g -O2  conftest.cc >&5
conftest.cc: In function `int main()':
conftest.cc:26: error: `exit' undeclared (first use this function)
conftest.cc:26: error: (Each undeclared identifier is reported only once for each function it appears in.)
configure:4851: $? = 1
configure: failed program was:
| /* confdefs.h.  */
| 
| #define PACKAGE_NAME ""
| #define PACKAGE_TARNAME ""
| #define PACKAGE_VERSION ""
| #define PACKAGE_STRING ""
| #define PACKAGE_BUGREPORT ""
| #define PACKAGE "libsamplerate"
| #define VERSION "0.1.2"
| #define STDC_HEADERS 1
| #define HAVE_SYS_TYPES_H 1
| #define HAVE_SYS_STAT_H 1
| #define HAVE_STDLIB_H 1
| #define HAVE_STRING_H 1
| #define HAVE_MEMORY_H 1
| #define HAVE_STRINGS_H 1
| #define HAVE_INTTYPES_H 1
| #define HAVE_STDINT_H 1
| #define HAVE_UNISTD_H 1
| #define HAVE_DLFCN_H 1
| /* end confdefs.h.  */
| 
| int
| main ()
| {
| exit (42);
|   ;
|   return 0;
| }
configure:4801: g++ -c -g -O2  conftest.cc >&5
configure:4807: $? = 0
configure:4810: test -z 			 || test ! -s conftest.err
configure:4813: $? = 0
configure:4816: test -s conftest.o
configure:4819: $? = 0
configure:4845: g++ -c -g -O2  conftest.cc >&5
configure:4851: $? = 0
configure:4854: test -z 			 || test ! -s conftest.err
configure:4857: $? = 0
configure:4860: test -s conftest.o
configure:4863: $? = 0
configure:4888: checking dependency style of g++
configure:4971: result: gcc3
configure:4993: checking how to run the C++ preprocessor
configure:5024: g++ -E  conftest.cc
configure:5030: $? = 0
configure:5062: g++ -E  conftest.cc
conftest.cc:25:28: ac_nonexistent.h: No such file or directory
configure:5068: $? = 1
configure: failed program was:
| /* confdefs.h.  */
| 
| #define PACKAGE_NAME ""
| #define PACKAGE_TARNAME ""
| #define PACKAGE_VERSION ""
| #define PACKAGE_STRING ""
| #define PACKAGE_BUGREPORT ""
| #define PACKAGE "libsamplerate"
| #define VERSION "0.1.2"
| #define STDC_HEADERS 1
| #define HAVE_SYS_TYPES_H 1
| #define HAVE_SYS_STAT_H 1
| #define HAVE_STDLIB_H 1
| #define HAVE_STRING_H 1
| #define HAVE_MEMORY_H 1
| #define HAVE_STRINGS_H 1
| #define HAVE_INTTYPES_H 1
| #define HAVE_STDINT_H 1
| #define HAVE_UNISTD_H 1
| #define HAVE_DLFCN_H 1
| #ifdef __cplusplus
| extern "C" void std::exit (int) throw (); using std::exit;
| #endif
| /* end confdefs.h.  */
| #include <ac_nonexistent.h>
configure:5107: result: g++ -E
configure:5131: g++ -E  conftest.cc
configure:5137: $? = 0
configure:5169: g++ -E  conftest.cc
conftest.cc:25:28: ac_nonexistent.h: No such file or directory
configure:5175: $? = 1
configure: failed program was:
| /* confdefs.h.  */
| 
| #define PACKAGE_NAME ""
| #define PACKAGE_TARNAME ""
| #define PACKAGE_VERSION ""
| #define PACKAGE_STRING ""
| #define PACKAGE_BUGREPORT ""
| #define PACKAGE "libsamplerate"
| #define VERSION "0.1.2"
| #define STDC_HEADERS 1
| #define HAVE_SYS_TYPES_H 1
| #define HAVE_SYS_STAT_H 1
| #define HAVE_STDLIB_H 1
| #define HAVE_STRING_H 1
| #define HAVE_MEMORY_H 1
| #define HAVE_STRINGS_H 1
| #define HAVE_INTTYPES_H 1
| #define HAVE_STDINT_H 1
| #define HAVE_UNISTD_H 1
| #define HAVE_DLFCN_H 1
| #ifdef __cplusplus
| extern "C" void std::exit (int) throw (); using std::exit;
| #endif
| /* end confdefs.h.  */
| #include <ac_nonexistent.h>
configure:5270: checking for g77
configure:5299: result: no
configure:5270: checking for f77
configure:5299: result: no
configure:5270: checking for xlf
configure:5299: result: no
configure:5270: checking for frt
configure:5299: result: no
configure:5270: checking for pgf77
configure:5299: result: no
configure:5270: checking for fort77
configure:5299: result: no
configure:5270: checking for fl32
configure:5299: result: no
configure:5270: checking for af77
configure:5299: result: no
configure:5270: checking for f90
configure:5299: result: no
configure:5270: checking for xlf90
configure:5299: result: no
configure:5270: checking for pgf90
configure:5299: result: no
configure:5270: checking for epcf90
configure:5299: result: no
configure:5270: checking for f95
configure:5299: result: no
configure:5270: checking for fort
configure:5299: result: no
configure:5270: checking for xlf95
configure:5299: result: no
configure:5270: checking for ifc
configure:5299: result: no
configure:5270: checking for efc
configure:5299: result: no
configure:5270: checking for pgf95
configure:5299: result: no
configure:5270: checking for lf95
configure:5299: result: no
configure:5270: checking for gfortran
configure:5299: result: no
configure:5311: checking for Fortran 77 compiler version
configure:5314:  --version </dev/null >&5
./configure: line 5315: --version: command not found
configure:5317: $? = 127
configure:5319:  -v </dev/null >&5
./configure: line 5320: -v: command not found
configure:5322: $? = 127
configure:5324:  -V </dev/null >&5
./configure: line 5325: -V: command not found
configure:5327: $? = 127
configure:5335: checking whether we are using the GNU Fortran 77 compiler
configure:5349:  -c  conftest.F >&5
./configure: line 5350: -c: command not found
configure:5355: $? = 127
configure: failed program was:
|       program main
| #ifndef __GNUC__
|        choke me
| #endif
| 
|       end
configure:5380: result: no
configure:5386: checking whether  accepts -g
configure:5398:  -c -g conftest.f >&5
./configure: line 5399: -c: command not found
configure:5404: $? = 127
configure: failed program was:
|       program main
| 
|       end
configure:5428: result: no
configure:5458: checking the maximum length of command line arguments
configure:5523: result: 8192
configure:5534: checking command to parse /usr/bin/nm -B output from gcc object
configure:5623: gcc -c -mno-cygwin  conftest.c >&5
configure:5626: $? = 0
configure:5630: /usr/bin/nm -B conftest.o \| sed -n -e 's/^.*[ 	]\([ABCDGIRSTW][ABCDGIRSTW]*\)[ 	][ 	]*\(\)\([_A-Za-z][_A-Za-z0-9]*\)$/\1 \2\3 \3/p' \> conftest.nm
configure:5633: $? = 0
cannot find nm_test_var in conftest.nm
configure:5623: gcc -c -mno-cygwin  conftest.c >&5
configure:5626: $? = 0
configure:5630: /usr/bin/nm -B conftest.o \| sed -n -e 's/^.*[ 	]\([ABCDGIRSTW][ABCDGIRSTW]*\)[ 	][ 	]*\(_\)\([_A-Za-z][_A-Za-z0-9]*\)$/\1 \2\3 \3/p' \> conftest.nm
configure:5633: $? = 0
configure:5685: gcc -o conftest.exe -mno-cygwin   conftest.c conftstm.o >&5
configure:5688: $? = 0
configure:5726: result: ok
configure:5730: checking for objdir
configure:5745: result: .libs
configure:5835: checking for ar
configure:5851: found /usr/bin/ar
configure:5862: result: ar
configure:5915: checking for ranlib
configure:5931: found /usr/bin/ranlib
configure:5942: result: ranlib
configure:5995: checking for strip
configure:6011: found /usr/bin/strip
configure:6022: result: strip
configure:6284: checking if gcc static flag  works
configure:6307: result: yes
configure:6325: checking if gcc supports -fno-rtti -fno-exceptions
configure:6343: gcc -c -mno-cygwin  -fno-rtti -fno-exceptions conftest.c >&5
cc1: warning: command line option "-fno-rtti" is valid for C++/ObjC++ but not for C
configure:6347: $? = 0
configure:6358: result: no
configure:6373: checking for gcc option to produce PIC
configure:6550: result: 
configure:6615: checking if gcc supports -c -o file.o
configure:6636: gcc -c -mno-cygwin  -o out/conftest2.o conftest.c >&5
configure:6640: $? = 0
configure:6660: result: yes
configure:6686: checking whether the gcc linker (/usr/i686-pc-cygwin/bin/ld.exe) supports shared libraries
configure:7533: result: yes
configure:7604: checking dynamic linker characteristics
configure:8156: result: Win32 ld.exe
configure:8160: checking how to hardcode library paths into programs
configure:8185: result: immediate
configure:8199: checking whether stripping libraries is possible
configure:8204: result: yes
configure:9027: checking if libtool supports shared libraries
configure:9029: result: yes
configure:9032: checking whether to build shared libraries
configure:9090: result: no
configure:9093: checking whether to build static libraries
configure:9097: result: yes
configure:9189: creating libtool
configure:9736: checking for ld used by g++
configure:9803: result: /usr/i686-pc-cygwin/bin/ld.exe
configure:9812: checking if the linker (/usr/i686-pc-cygwin/bin/ld.exe) is GNU ld
configure:9827: result: yes
configure:9878: checking whether the g++ linker (/usr/i686-pc-cygwin/bin/ld.exe) supports shared libraries
configure:10704: result: yes
configure:10722: g++ -c -g -O2  conftest.cc >&5
configure:10725: $? = 0
configure:10821: checking for g++ option to produce PIC
configure:11073: result: 
configure:11138: checking if g++ supports -c -o file.o
configure:11159: g++ -c -g -O2  -o out/conftest2.o conftest.cc >&5
configure:11163: $? = 0
configure:11183: result: yes
configure:11209: checking whether the g++ linker (/usr/i686-pc-cygwin/bin/ld.exe) supports shared libraries
configure:11237: result: yes
configure:11308: checking dynamic linker characteristics
configure:11860: result: Win32 ld.exe
configure:11864: checking how to hardcode library paths into programs
configure:11889: result: immediate
configure:11903: checking whether stripping libraries is possible
configure:11908: result: yes
configure:19261: checking for ANSI C header files
configure:19416: result: yes
configure:19433: checking for stdint.h
configure:19438: result: yes
configure:19442: checking sys/times.h usability
configure:19454: gcc -c -mno-cygwin  conftest.c >&5
conftest.c:61:23: sys/times.h: No such file or directory
configure:19460: $? = 1
configure: failed program was:
| /* confdefs.h.  */
| 
| #define PACKAGE_NAME ""
| #define PACKAGE_TARNAME ""
| #define PACKAGE_VERSION ""
| #define PACKAGE_STRING ""
| #define PACKAGE_BUGREPORT ""
| #define PACKAGE "libsamplerate"
| #define VERSION "0.1.2"
| #define STDC_HEADERS 1
| #define HAVE_SYS_TYPES_H 1
| #define HAVE_SYS_STAT_H 1
| #define HAVE_STDLIB_H 1
| #define HAVE_STRING_H 1
| #define HAVE_MEMORY_H 1
| #define HAVE_STRINGS_H 1
| #define HAVE_INTTYPES_H 1
| #define HAVE_STDINT_H 1
| #define HAVE_UNISTD_H 1
| #define HAVE_DLFCN_H 1
| #ifdef __cplusplus
| extern "C" void std::exit (int) throw (); using std::exit;
| #endif
| #define STDC_HEADERS 1
| #define HAVE_STDINT_H 1
| /* end confdefs.h.  */
| #include <stdio.h>
| #if HAVE_SYS_TYPES_H
| # include <sys/types.h>
| #endif
| #if HAVE_SYS_STAT_H
| # include <sys/stat.h>
| #endif
| #if STDC_HEADERS
| # include <stdlib.h>
| # include <stddef.h>
| #else
| # if HAVE_STDLIB_H
| #  include <stdlib.h>
| # endif
| #endif
| #if HAVE_STRING_H
| # if !STDC_HEADERS && HAVE_MEMORY_H
| #  include <memory.h>
| # endif
| # include <string.h>
| #endif
| #if HAVE_STRINGS_H
| # include <strings.h>
| #endif
| #if HAVE_INTTYPES_H
| # include <inttypes.h>
| #else
| # if HAVE_STDINT_H
| #  include <stdint.h>
| # endif
| #endif
| #if HAVE_UNISTD_H
| # include <unistd.h>
| #endif
| #include <sys/times.h>
configure:19482: result: no
configure:19486: checking sys/times.h presence
configure:19496: gcc -E  conftest.c
configure:19502: $? = 0
configure:19522: result: yes
configure:19535: WARNING: sys/times.h: present but cannot be compiled
configure:19537: WARNING: sys/times.h:     check for missing prerequisite headers?
configure:19539: WARNING: sys/times.h: see the Autoconf documentation
configure:19541: WARNING: sys/times.h:     section "Present But Cannot Be Compiled"
configure:19543: WARNING: sys/times.h: proceeding with the preprocessor's result
configure:19545: WARNING: sys/times.h: in the future, the compiler will take precedence
configure:19557: checking for sys/times.h
configure:19564: result: yes
configure:19695: checking for int
configure:19719: gcc -c -mno-cygwin -W -Wstrict-prototypes -Wmissing-prototypes -Wall -pedantic -Waggregate-return -Wcast-align -Wcast-qual -Wnested-externs -Wshadow -pipe  conftest.c >&5
conftest.c:67: warning: function declaration isn't a prototype
configure:19725: $? = 0
configure:19728: test -z 			 || test ! -s conftest.err
configure:19731: $? = 0
configure:19734: test -s conftest.o
configure:19737: $? = 0
configure:19748: result: yes
configure:19751: checking size of int
configure:20063: gcc -o conftest.exe -mno-cygwin -W -Wstrict-prototypes -Wmissing-prototypes -Wall -pedantic -Waggregate-return -Wcast-align -Wcast-qual -Wnested-externs -Wshadow -pipe   conftest.c  >&5
conftest.c:65: warning: function declaration isn't a prototype
conftest.c:66: warning: function declaration isn't a prototype
conftest.c:71: warning: function declaration isn't a prototype
configure:20066: $? = 0
configure:20068: ./conftest.exe
configure:20071: $? = 0
configure:20094: result: 4
configure:20101: checking for long
configure:20125: gcc -c -mno-cygwin -W -Wstrict-prototypes -Wmissing-prototypes -Wall -pedantic -Waggregate-return -Wcast-align -Wcast-qual -Wnested-externs -Wshadow -pipe  conftest.c >&5
conftest.c:68: warning: function declaration isn't a prototype
configure:20131: $? = 0
configure:20134: test -z 			 || test ! -s conftest.err
configure:20137: $? = 0
configure:20140: test -s conftest.o
configure:20143: $? = 0
configure:20154: result: yes
configure:20157: checking size of long
configure:20469: gcc -o conftest.exe -mno-cygwin -W -Wstrict-prototypes -Wmissing-prototypes -Wall -pedantic -Waggregate-return -Wcast-align -Wcast-qual -Wnested-externs -Wshadow -pipe   conftest.c  >&5
conftest.c:66: warning: function declaration isn't a prototype
conftest.c:67: warning: function declaration isn't a prototype
conftest.c:72: warning: function declaration isn't a prototype
configure:20472: $? = 0
configure:20474: ./conftest.exe
configure:20477: $? = 0
configure:20500: result: 4
configure:20507: checking for float
configure:20531: gcc -c -mno-cygwin -W -Wstrict-prototypes -Wmissing-prototypes -Wall -pedantic -Waggregate-return -Wcast-align -Wcast-qual -Wnested-externs -Wshadow -pipe  conftest.c >&5
conftest.c:69: warning: function declaration isn't a prototype
configure:20537: $? = 0
configure:20540: test -z 			 || test ! -s conftest.err
configure:20543: $? = 0
configure:20546: test -s conftest.o
configure:20549: $? = 0
configure:20560: result: yes
configure:20563: checking size of float
configure:20875: gcc -o conftest.exe -mno-cygwin -W -Wstrict-prototypes -Wmissing-prototypes -Wall -pedantic -Waggregate-return -Wcast-align -Wcast-qual -Wnested-externs -Wshadow -pipe   conftest.c  >&5
conftest.c:67: warning: function declaration isn't a prototype
conftest.c:68: warning: function declaration isn't a prototype
conftest.c:73: warning: function declaration isn't a prototype
configure:20878: $? = 0
configure:20880: ./conftest.exe
configure:20883: $? = 0
configure:20906: result: 4
configure:20913: checking for double
configure:20937: gcc -c -mno-cygwin -W -Wstrict-prototypes -Wmissing-prototypes -Wall -pedantic -Waggregate-return -Wcast-align -Wcast-qual -Wnested-externs -Wshadow -pipe  conftest.c >&5
conftest.c:70: warning: function declaration isn't a prototype
configure:20943: $? = 0
configure:20946: test -z 			 || test ! -s conftest.err
configure:20949: $? = 0
configure:20952: test -s conftest.o
configure:20955: $? = 0
configure:20966: result: yes
configure:20969: checking size of double
configure:21281: gcc -o conftest.exe -mno-cygwin -W -Wstrict-prototypes -Wmissing-prototypes -Wall -pedantic -Waggregate-return -Wcast-align -Wcast-qual -Wnested-externs -Wshadow -pipe   conftest.c  >&5
conftest.c:68: warning: function declaration isn't a prototype
conftest.c:69: warning: function declaration isn't a prototype
conftest.c:74: warning: function declaration isn't a prototype
configure:21284: $? = 0
configure:21286: ./conftest.exe
configure:21289: $? = 0
configure:21312: result: 8
configure:21421: checking for malloc
configure:21478: gcc -o conftest.exe -mno-cygwin -W -Wstrict-prototypes -Wmissing-prototypes -Wall -pedantic -Waggregate-return -Wcast-align -Wcast-qual -Wnested-externs -Wshadow -pipe   conftest.c  >&5
conftest.c:59: warning: function declaration isn't a prototype
conftest.c:59: warning: conflicting types for built-in function 'malloc'
conftest.c:66: warning: function declaration isn't a prototype
conftest.c:74: warning: function declaration isn't a prototype
configure:21484: $? = 0
configure:21487: test -z 			 || test ! -s conftest.err
configure:21490: $? = 0
configure:21493: test -s conftest.exe
configure:21496: $? = 0
configure:21508: result: yes
configure:21421: checking for calloc
configure:21478: gcc -o conftest.exe -mno-cygwin -W -Wstrict-prototypes -Wmissing-prototypes -Wall -pedantic -Waggregate-return -Wcast-align -Wcast-qual -Wnested-externs -Wshadow -pipe   conftest.c  >&5
conftest.c:60: warning: function declaration isn't a prototype
conftest.c:60: warning: conflicting types for built-in function 'calloc'
conftest.c:67: warning: function declaration isn't a prototype
conftest.c:75: warning: function declaration isn't a prototype
configure:21484: $? = 0
configure:21487: test -z 			 || test ! -s conftest.err
configure:21490: $? = 0
configure:21493: test -s conftest.exe
configure:21496: $? = 0
configure:21508: result: yes
configure:21421: checking for free
configure:21478: gcc -o conftest.exe -mno-cygwin -W -Wstrict-prototypes -Wmissing-prototypes -Wall -pedantic -Waggregate-return -Wcast-align -Wcast-qual -Wnested-externs -Wshadow -pipe   conftest.c  >&5
conftest.c:61: warning: function declaration isn't a prototype
conftest.c:68: warning: function declaration isn't a prototype
conftest.c:76: warning: function declaration isn't a prototype
configure:21484: $? = 0
configure:21487: test -z 			 || test ! -s conftest.err
configure:21490: $? = 0
configure:21493: test -s conftest.exe
configure:21496: $? = 0
configure:21508: result: yes
configure:21421: checking for memcpy
configure:21478: gcc -o conftest.exe -mno-cygwin -W -Wstrict-prototypes -Wmissing-prototypes -Wall -pedantic -Waggregate-return -Wcast-align -Wcast-qual -Wnested-externs -Wshadow -pipe   conftest.c  >&5
conftest.c:62: warning: function declaration isn't a prototype
conftest.c:62: warning: conflicting types for built-in function 'memcpy'
conftest.c:69: warning: function declaration isn't a prototype
conftest.c:77: warning: function declaration isn't a prototype
configure:21484: $? = 0
configure:21487: test -z 			 || test ! -s conftest.err
configure:21490: $? = 0
configure:21493: test -s conftest.exe
configure:21496: $? = 0
configure:21508: result: yes
configure:21421: checking for memmove
configure:21478: gcc -o conftest.exe -mno-cygwin -W -Wstrict-prototypes -Wmissing-prototypes -Wall -pedantic -Waggregate-return -Wcast-align -Wcast-qual -Wnested-externs -Wshadow -pipe   conftest.c  >&5
conftest.c:63: warning: function declaration isn't a prototype
conftest.c:63: warning: conflicting types for built-in function 'memmove'
conftest.c:70: warning: function declaration isn't a prototype
conftest.c:78: warning: function declaration isn't a prototype
configure:21484: $? = 0
configure:21487: test -z 			 || test ! -s conftest.err
configure:21490: $? = 0
configure:21493: test -s conftest.exe
configure:21496: $? = 0
configure:21508: result: yes
configure:21520: checking for floor in -lm
configure:21550: gcc -o conftest.exe -mno-cygwin -W -Wstrict-prototypes -Wmissing-prototypes -Wall -pedantic -Waggregate-return -Wcast-align -Wcast-qual -Wnested-externs -Wshadow -pipe   conftest.c -lm   >&5
conftest.c:47: warning: function declaration isn't a prototype
conftest.c:47: warning: conflicting types for built-in function 'floor'
conftest.c:50: warning: function declaration isn't a prototype
configure:21556: $? = 0
configure:21559: test -z 			 || test ! -s conftest.err
configure:21562: $? = 0
configure:21565: test -s conftest.exe
configure:21568: $? = 0
configure:21581: result: yes
configure:21598: checking for floor
configure:21655: gcc -o conftest.exe -mno-cygwin -W -Wstrict-prototypes -Wmissing-prototypes -Wall -pedantic -Waggregate-return -Wcast-align -Wcast-qual -Wnested-externs -Wshadow -pipe   conftest.c -lm  >&5
conftest.c:65: warning: function declaration isn't a prototype
conftest.c:65: warning: conflicting types for built-in function 'floor'
conftest.c:72: warning: function declaration isn't a prototype
conftest.c:80: warning: function declaration isn't a prototype
configure:21661: $? = 0
configure:21664: test -z 			 || test ! -s conftest.err
configure:21667: $? = 0
configure:21670: test -s conftest.exe
configure:21673: $? = 0
configure:21685: result: yes
configure:21598: checking for ceil
configure:21655: gcc -o conftest.exe -mno-cygwin -W -Wstrict-prototypes -Wmissing-prototypes -Wall -pedantic -Waggregate-return -Wcast-align -Wcast-qual -Wnested-externs -Wshadow -pipe   conftest.c -lm  >&5
conftest.c:66: warning: function declaration isn't a prototype
conftest.c:66: warning: conflicting types for built-in function 'ceil'
conftest.c:73: warning: function declaration isn't a prototype
conftest.c:81: warning: function declaration isn't a prototype
configure:21661: $? = 0
configure:21664: test -z 			 || test ! -s conftest.err
configure:21667: $? = 0
configure:21670: test -s conftest.exe
configure:21673: $? = 0
configure:21685: result: yes
configure:21598: checking for fmod
configure:21655: gcc -o conftest.exe -mno-cygwin -W -Wstrict-prototypes -Wmissing-prototypes -Wall -pedantic -Waggregate-return -Wcast-align -Wcast-qual -Wnested-externs -Wshadow -pipe   conftest.c -lm  >&5
conftest.c:67: warning: function declaration isn't a prototype
conftest.c:67: warning: conflicting types for built-in function 'fmod'
conftest.c:74: warning: function declaration isn't a prototype
conftest.c:82: warning: function declaration isn't a prototype
configure:21661: $? = 0
configure:21664: test -z 			 || test ! -s conftest.err
configure:21667: $? = 0
configure:21670: test -s conftest.exe
configure:21673: $? = 0
configure:21685: result: yes
configure:21696: checking for lrint
configure:21727: gcc -o conftest.exe -O2 -lm   conftest.c -lm  >&5
configure:21733: $? = 0
configure:21736: test -z 			 || test ! -s conftest.err
configure:21739: $? = 0
configure:21742: test -s conftest.exe
configure:21745: $? = 0
configure:21761: result: yes
configure:21772: checking for lrintf
configure:21803: gcc -o conftest.exe -O2 -lm   conftest.c -lm  >&5
configure:21809: $? = 0
configure:21812: test -z 			 || test ! -s conftest.err
configure:21815: $? = 0
configure:21818: test -s conftest.exe
configure:21821: $? = 0
configure:21837: result: yes
configure:21865: checking processor clipping capabilities
configure:21909: gcc -o conftest.exe -mno-cygwin -W -Wstrict-prototypes -Wmissing-prototypes -Wall -pedantic -Waggregate-return -Wcast-align -Wcast-qual -Wnested-externs -Wshadow -pipe   conftest.c -lm  >&5
configure:21912: $? = 0
configure:21914: ./conftest.exe
configure:21917: $? = 1
configure: program exited with status 1
configure: failed program was:
| /* confdefs.h.  */
| 
| #define PACKAGE_NAME ""
| #define PACKAGE_TARNAME ""
| #define PACKAGE_VERSION ""
| #define PACKAGE_STRING ""
| #define PACKAGE_BUGREPORT ""
| #define PACKAGE "libsamplerate"
| #define VERSION "0.1.2"
| #define STDC_HEADERS 1
| #define HAVE_SYS_TYPES_H 1
| #define HAVE_SYS_STAT_H 1
| #define HAVE_STDLIB_H 1
| #define HAVE_STRING_H 1
| #define HAVE_MEMORY_H 1
| #define HAVE_STRINGS_H 1
| #define HAVE_INTTYPES_H 1
| #define HAVE_STDINT_H 1
| #define HAVE_UNISTD_H 1
| #define HAVE_DLFCN_H 1
| #ifdef __cplusplus
| extern "C" void std::exit (int) throw (); using std::exit;
| #endif
| #define STDC_HEADERS 1
| #define HAVE_STDINT_H 1
| #define HAVE_SYS_TIMES_H 1
| #define ENABLE_DEBUG 0
| #define COMPILER_IS_GCC 1
| #define GCC_MAJOR_VERSION 3
| #define SIZEOF_INT 4
| #define SIZEOF_LONG 4
| #define SIZEOF_FLOAT 4
| #define SIZEOF_DOUBLE 8
| #define HAVE_MALLOC 1
| #define HAVE_CALLOC 1
| #define HAVE_FREE 1
| #define HAVE_MEMCPY 1
| #define HAVE_MEMMOVE 1
| #define HAVE_LIBM 1
| #define HAVE_FLOOR 1
| #define HAVE_CEIL 1
| #define HAVE_FMOD 1
| #define HAVE_LRINT 1
| #define HAVE_LRINTF 1
| /* end confdefs.h.  */
| 
| 	#define	_ISOC9X_SOURCE	1
| 	#define _ISOC99_SOURCE	1
| 	#define	__USE_ISOC99	1
| 	#define __USE_ISOC9X	1
| 	#include <math.h>
| 	int main (void)
| 	{	double	fval ;
| 		int k, ival ;
| 
| 		fval = 1.0 * 0x7FFFFFFF ;
| 		for (k = 0 ; k < 100 ; k++)
| 		{	ival = (lrint (fval)) >> 24 ;
| 			if (ival != 127)
| 				return 1 ;
| 
| 			fval *= 1.2499999 ;
| 			} ;
| 
| 			return 0 ;
| 		}
| 
configure:21965: gcc -o conftest.exe -mno-cygwin -W -Wstrict-prototypes -Wmissing-prototypes -Wall -pedantic -Waggregate-return -Wcast-align -Wcast-qual -Wnested-externs -Wshadow -pipe   conftest.c -lm  >&5
configure:21968: $? = 0
configure:21970: ./conftest.exe
configure:21973: $? = 0
configure:22020: result: negative
configure:22051: checking for pkg-config
configure:22082: result: no
configure:22442: creating ./config.status

## ---------------------- ##
## Running config.status. ##
## ---------------------- ##

This file was extended by config.status, which was
generated by GNU Autoconf 2.59.  Invocation command line was

  CONFIG_FILES    = 
  CONFIG_HEADERS  = 
  CONFIG_LINKS    = 
  CONFIG_COMMANDS = 
  $ ./config.status 

on organdon-b44b6a

config.status:782: creating Makefile
config.status:782: creating src/Version_script
config.status:782: creating Win32/Makefile
config.status:782: creating Win32/Makefile.mingw
config.status:782: creating src/Makefile
config.status:782: creating examples/Makefile
config.status:782: creating tests/Makefile
config.status:782: creating doc/Makefile
config.status:782: creating libsamplerate.spec
config.status:782: creating samplerate.pc
config.status:848: creating src/config.h
config.status:1206: executing depfiles commands
configure:23810: result:
-=-=-=-=-=-=-=-=-=-= Configuration Complete =-=-=-=-=-=-=-=-=-=-=-

  Configuration summary :

    Version : ..................... 0.1.2
configure:23818: result:     Enable debugging : ............ no

configure:23832: result:
  Extra tools required for testing and examples :

    Use FFTW : .................... no
configure:23838: result:     Have libsndfile : ............. no
configure:23841: result:     Have libefence : .............. no

configure:23850: result:   Installation directories :

    Library directory : ........... /usr/local/lib
    Program directory : ........... /usr/local/bin
    Pkgconfig directory : ......... /usr/local/lib/pkgconfig


## ---------------- ##
## Cache variables. ##
## ---------------- ##

ac_cv_build=i686-pc-cygwin
ac_cv_build_alias=i686-pc-cygwin
ac_cv_c99_lrint=yes
ac_cv_c99_lrintf=yes
ac_cv_c_clip_negative=1
ac_cv_c_clip_positive=0
ac_cv_c_clip_type=negative
ac_cv_c_compiler_gnu=yes
ac_cv_cxx_compiler_gnu=yes
ac_cv_env_CC_set=
ac_cv_env_CC_value=
ac_cv_env_CFLAGS_set=set
ac_cv_env_CFLAGS_value=-mno-cygwin
ac_cv_env_CPPFLAGS_set=
ac_cv_env_CPPFLAGS_value=
ac_cv_env_CPP_set=
ac_cv_env_CPP_value=
ac_cv_env_CXXCPP_set=
ac_cv_env_CXXCPP_value=
ac_cv_env_CXXFLAGS_set=
ac_cv_env_CXXFLAGS_value=
ac_cv_env_CXX_set=
ac_cv_env_CXX_value=
ac_cv_env_F77_set=
ac_cv_env_F77_value=
ac_cv_env_FFLAGS_set=
ac_cv_env_FFLAGS_value=
ac_cv_env_LDFLAGS_set=
ac_cv_env_LDFLAGS_value=
ac_cv_env_build_alias_set=
ac_cv_env_build_alias_value=
ac_cv_env_host_alias_set=
ac_cv_env_host_alias_value=
ac_cv_env_target_alias_set=
ac_cv_env_target_alias_value=
ac_cv_exeext=.exe
ac_cv_f77_compiler_gnu=no
ac_cv_fftw3=no
ac_cv_func_calloc=yes
ac_cv_func_ceil=yes
ac_cv_func_floor=yes
ac_cv_func_fmod=yes
ac_cv_func_free=yes
ac_cv_func_malloc=yes
ac_cv_func_memcpy=yes
ac_cv_func_memmove=yes
ac_cv_header_dlfcn_h=yes
ac_cv_header_inttypes_h=yes
ac_cv_header_memory_h=yes
ac_cv_header_stdc=yes
ac_cv_header_stdint_h=yes
ac_cv_header_stdlib_h=yes
ac_cv_header_string_h=yes
ac_cv_header_strings_h=yes
ac_cv_header_sys_stat_h=yes
ac_cv_header_sys_times_h=yes
ac_cv_header_sys_types_h=yes
ac_cv_header_unistd_h=yes
ac_cv_host=i686-pc-cygwin
ac_cv_host_alias=i686-pc-cygwin
ac_cv_lib_efence_memalign=no
ac_cv_lib_m_floor=yes
ac_cv_objext=o
ac_cv_path_PKG_CONFIG=no
ac_cv_path_install='/usr/bin/install -c'
ac_cv_prog_AWK=gawk
ac_cv_prog_CPP='gcc -E'
ac_cv_prog_CXXCPP='g++ -E'
ac_cv_prog_ac_ct_AR=ar
ac_cv_prog_ac_ct_CC=gcc
ac_cv_prog_ac_ct_CXX=g++
ac_cv_prog_ac_ct_RANLIB=ranlib
ac_cv_prog_ac_ct_STRIP=strip
ac_cv_prog_cc_g=yes
ac_cv_prog_cc_stdc=
ac_cv_prog_cxx_g=yes
ac_cv_prog_egrep='grep -E'
ac_cv_prog_f77_g=no
ac_cv_prog_make_make_set=yes
ac_cv_sizeof_double=8
ac_cv_sizeof_float=4
ac_cv_sizeof_int=4
ac_cv_sizeof_long=4
ac_cv_sndfile=no
ac_cv_target=i686-pc-cygwin
ac_cv_target_alias=i686-pc-cygwin
ac_cv_type_double=yes
ac_cv_type_float=yes
ac_cv_type_int=yes
ac_cv_type_long=yes
am_cv_CC_dependencies_compiler_type=gcc3
am_cv_CXX_dependencies_compiler_type=gcc3
lt_cv_deplibs_check_method='file_magic ^x86 archive import|^x86 DLL'
lt_cv_file_magic_cmd=func_win32_libid
lt_cv_file_magic_test_file=
lt_cv_ld_reload_flag=-r
lt_cv_objdir=.libs
lt_cv_path_LD=/usr/i686-pc-cygwin/bin/ld.exe
lt_cv_path_LDCXX=/usr/i686-pc-cygwin/bin/ld.exe
lt_cv_path_NM='/usr/bin/nm -B'
lt_cv_path_SED=/usr/bin/sed
lt_cv_prog_compiler_c_o=yes
lt_cv_prog_compiler_c_o_CXX=yes
lt_cv_prog_compiler_rtti_exceptions=no
lt_cv_prog_gnu_ld=yes
lt_cv_prog_gnu_ldcxx=yes
lt_cv_sys_global_symbol_pipe='sed -n -e '\''s/^.*[ 	]\([ABCDGIRSTW][ABCDGIRSTW]*\)[ 	][ 	]*\(_\)\([_A-Za-z][_A-Za-z0-9]*\)$/\1 \2\3 \3/p'\'''
lt_cv_sys_global_symbol_to_c_name_address='sed -n -e '\''s/^: \([^ ]*\) $/  {\"\1\", (lt_ptr) 0},/p'\'' -e '\''s/^[BCDEGRST] \([^ ]*\) \([^ ]*\)$/  {"\2", (lt_ptr) \&\2},/p'\'''
lt_cv_sys_global_symbol_to_cdecl='sed -n -e '\''s/^. .* \(.*\)$/extern int \1;/p'\'''
lt_cv_sys_max_cmd_len=8192
lt_lt_cv_prog_compiler_c_o='"yes"'
lt_lt_cv_prog_compiler_c_o_CXX='"yes"'
lt_lt_cv_sys_global_symbol_pipe='"sed -n -e '\''s/^.*[ 	]\\([ABCDGIRSTW][ABCDGIRSTW]*\\)[ 	][ 	]*\\(_\\)\\([_A-Za-z][_A-Za-z0-9]*\\)\$/\\1 \\2\\3 \\3/p'\''"'
lt_lt_cv_sys_global_symbol_to_c_name_address='"sed -n -e '\''s/^: \\([^ ]*\\) \$/  {\\\"\\1\\\", (lt_ptr) 0},/p'\'' -e '\''s/^[BCDEGRST] \\([^ ]*\\) \\([^ ]*\\)\$/  {\"\\2\", (lt_ptr) \\&\\2},/p'\''"'
lt_lt_cv_sys_global_symbol_to_cdecl='"sed -n -e '\''s/^. .* \\(.*\\)\$/extern int \\1;/p'\''"'

## ----------------- ##
## Output variables. ##
## ----------------- ##

ACLOCAL='${SHELL} /cygdrive/e/mnt_lyd/newmammut/mingw/libsamplerate-0.1.2/missing --run aclocal-1.7'
AMDEPBACKSLASH='\'
AMDEP_FALSE='#'
AMDEP_TRUE=''
AMTAR='${SHELL} /cygdrive/e/mnt_lyd/newmammut/mingw/libsamplerate-0.1.2/missing --run tar'
AR='ar'
AUTOCONF='${SHELL} /cygdrive/e/mnt_lyd/newmammut/mingw/libsamplerate-0.1.2/missing --run autoconf'
AUTOHEADER='${SHELL} /cygdrive/e/mnt_lyd/newmammut/mingw/libsamplerate-0.1.2/missing --run autoheader'
AUTOMAKE='${SHELL} /cygdrive/e/mnt_lyd/newmammut/mingw/libsamplerate-0.1.2/missing --run automake-1.7'
AWK='gawk'
CC='gcc'
CCDEPMODE='depmode=gcc3'
CFLAGS='-mno-cygwin -W -Wstrict-prototypes -Wmissing-prototypes -Wall -pedantic -Waggregate-return -Wcast-align -Wcast-qual -Wnested-externs -Wshadow -pipe'
COMPILER_IS_GCC=''
CPP='gcc -E'
CPPFLAGS=''
CXX='g++'
CXXCPP='g++ -E'
CXXDEPMODE='depmode=gcc3'
CXXFLAGS='-g -O2'
CYGPATH_W='cygpath -w'
DEFS='-DHAVE_CONFIG_H'
DEPDIR='.deps'
DLLTOOL='dlltool'
DLLWRAP=''
ECHO='echo'
ECHO_C=''
ECHO_N='-n'
ECHO_T=''
EFENCE_LIB=''
EGREP='grep -E'
ENABLE_DEBUG=''
EXEEXT='.exe'
F77=''
FFLAGS=''
FFTW3_CFLAGS=''
FFTW3_LIBS=''
GCC_MAJOR_VERSION='3'
HAVE_FFTW3='0'
HAVE_SNDFILE='0'
INSTALL_DATA='${INSTALL} -m 644'
INSTALL_PROGRAM='${INSTALL}'
INSTALL_SCRIPT='${INSTALL}'
INSTALL_STRIP_PROGRAM='${SHELL} $(install_sh) -c -s'
LDFLAGS=''
LIBOBJS=''
LIBS='-lm '
LIBTOOL='$(SHELL) $(top_builddir)/libtool'
LN_S='ln -s'
LTLIBOBJS=''
MAKEINFO='${SHELL} /cygdrive/e/mnt_lyd/newmammut/mingw/libsamplerate-0.1.2/missing --run makeinfo'
OBJEXT='o'
OS_SPECIFIC_INCLUDES=''
OS_SPECIFIC_LINKS=''
PACKAGE='libsamplerate'
PACKAGE_BUGREPORT=''
PACKAGE_NAME=''
PACKAGE_STRING=''
PACKAGE_TARNAME=''
PACKAGE_VERSION=''
PATH_SEPARATOR=':'
PEXPORTS=''
PKG_CONFIG='no'
RANLIB='ranlib'
SET_MAKE=''
SHARED_VERSION_INFO='1:1:1'
SHELL='/bin/sh'
SHLIB_VERSION_ARG=''
SNDFILE_CFLAGS=''
SNDFILE_LIBS=''
STRIP='strip'
VERSION='0.1.2'
ac_ct_AR='ar'
ac_ct_CC='gcc'
ac_ct_CXX='g++'
ac_ct_F77=''
ac_ct_RANLIB='ranlib'
ac_ct_STRIP='strip'
am__fastdepCC_FALSE='#'
am__fastdepCC_TRUE=''
am__fastdepCXX_FALSE='#'
am__fastdepCXX_TRUE=''
am__include='include'
am__leading_dot='.'
am__quote=''
bindir='${exec_prefix}/bin'
build='i686-pc-cygwin'
build_alias=''
build_cpu='i686'
build_os='cygwin'
build_vendor='pc'
datadir='${prefix}/share'
exec_prefix='${prefix}'
host='i686-pc-cygwin'
host_alias=''
host_cpu='i686'
host_os='cygwin'
host_vendor='pc'
includedir='${prefix}/include'
infodir='${prefix}/info'
install_sh='/cygdrive/e/mnt_lyd/newmammut/mingw/libsamplerate-0.1.2/install-sh'
libdir='${exec_prefix}/lib'
libexecdir='${exec_prefix}/libexec'
localstatedir='${prefix}/var'
mandir='${prefix}/man'
oldincludedir='/usr/include'
prefix='/usr/local'
program_transform_name='s,x,x,'
sbindir='${exec_prefix}/sbin'
sharedstatedir='${prefix}/com'
subdirs='src doc examples tests'
sysconfdir='${prefix}/etc'
target='i686-pc-cygwin'
target_alias=''
target_cpu='i686'
target_os='cygwin'
target_vendor='pc'

## ----------- ##
## confdefs.h. ##
## ----------- ##

#define COMPILER_IS_GCC 1
#define CPU_CLIPS_NEGATIVE 1
#define CPU_CLIPS_POSITIVE 0
#define ENABLE_DEBUG 0
#define GCC_MAJOR_VERSION 3
#define HAVE_CALLOC 1
#define HAVE_CEIL 1
#define HAVE_DLFCN_H 1
#define HAVE_FFTW3 0
#define HAVE_FLOOR 1
#define HAVE_FMOD 1
#define HAVE_FREE 1
#define HAVE_INTTYPES_H 1
#define HAVE_LIBM 1
#define HAVE_LRINT 1
#define HAVE_LRINTF 1
#define HAVE_MALLOC 1
#define HAVE_MEMCPY 1
#define HAVE_MEMMOVE 1
#define HAVE_MEMORY_H 1
#define HAVE_SNDFILE 0
#define HAVE_STDINT_H 1
#define HAVE_STDINT_H 1
#define HAVE_STDLIB_H 1
#define HAVE_STRINGS_H 1
#define HAVE_STRING_H 1
#define HAVE_SYS_STAT_H 1
#define HAVE_SYS_TIMES_H 1
#define HAVE_SYS_TYPES_H 1
#define HAVE_UNISTD_H 1
#define OS_IS_WIN32 0
#define PACKAGE "libsamplerate"
#define PACKAGE_BUGREPORT ""
#define PACKAGE_NAME ""
#define PACKAGE_STRING ""
#define PACKAGE_TARNAME ""
#define PACKAGE_VERSION ""
#define SIZEOF_DOUBLE 8
#define SIZEOF_FLOAT 4
#define SIZEOF_INT 4
#define SIZEOF_LONG 4
#define STDC_HEADERS 1
#define STDC_HEADERS 1
#define VERSION "0.1.2"
#endif
#ifdef __cplusplus
extern "C" void std::exit (int) throw (); using std::exit;

configure: exit 0
